mode: set
coursera/week4/hw4_test_coverage/client.go:67.80,71.19 2 1
coursera/week4/hw4_test_coverage/client.go:74.2,74.20 1 1
coursera/week4/hw4_test_coverage/client.go:77.2,77.20 1 1
coursera/week4/hw4_test_coverage/client.go:82.2,94.16 10 1
coursera/week4/hw4_test_coverage/client.go:100.2,103.25 3 1
coursera/week4/hw4_test_coverage/client.go:121.2,123.16 3 1
coursera/week4/hw4_test_coverage/client.go:127.2,128.28 2 1
coursera/week4/hw4_test_coverage/client.go:135.2,135.21 1 1
coursera/week4/hw4_test_coverage/client.go:71.19,73.3 1 1
coursera/week4/hw4_test_coverage/client.go:74.20,76.3 1 1
coursera/week4/hw4_test_coverage/client.go:77.20,79.3 1 1
coursera/week4/hw4_test_coverage/client.go:94.16,95.54 1 1
coursera/week4/hw4_test_coverage/client.go:98.3,98.50 1 1
coursera/week4/hw4_test_coverage/client.go:95.54,97.4 1 1
coursera/week4/hw4_test_coverage/client.go:104.31,105.44 1 1
coursera/week4/hw4_test_coverage/client.go:106.38,107.53 1 1
coursera/week4/hw4_test_coverage/client.go:108.29,111.17 3 1
coursera/week4/hw4_test_coverage/client.go:114.3,115.44 2 1
coursera/week4/hw4_test_coverage/client.go:118.3,118.73 1 1
coursera/week4/hw4_test_coverage/client.go:111.17,113.4 1 1
coursera/week4/hw4_test_coverage/client.go:115.44,117.4 1 1
coursera/week4/hw4_test_coverage/client.go:123.16,125.3 1 1
coursera/week4/hw4_test_coverage/client.go:128.28,131.3 2 1
coursera/week4/hw4_test_coverage/client.go:131.8,133.3 1 1
